# JRE version: OpenJDK Runtime Environment Temurin-21.0.10+7 (21.0.10+7) (build 21.0.10+7-LTS)
# Java VM: OpenJDK 64-Bit Server VM Temurin-21.0.10+7 (21.0.10+7-LTS, mixed mode, sharing, tiered, compressed oops, compressed class ptrs, parallel gc, windows-amd64)
GC Precious Log:
 CardTable entry size: 512
 CPUs: 12 total, 12 available
 Memory: 16055M
 Large Page Support: Disabled
 NUMA Support: Disabled
 Compressed Oops: Enabled (32-bit)
 Alignments: Space 512K, Generation 512K, Heap 2M
 Heap Min Capacity: 100M
 Heap Initial Capacity: 100M
 Heap Max Capacity: 2G
 Pre-touch: Disabled
 Parallel Workers: 10
Heap:
 PSYoungGen      total 17408K, used 7650K [0x00000000d5580000, 0x00000000d6c00000, 0x0000000100000000)
  eden space 16896K, 42% used [0x00000000d5580000,0x00000000d5c7d390,0x00000000d6600000)
  from space 512K, 96% used [0x00000000d6900000,0x00000000d697b710,0x00000000d6980000)
  to   space 3072K, 0% used [0x00000000d6600000,0x00000000d6600000,0x00000000d6900000)
 ParOldGen       total 69120K, used 69047K [0x0000000080000000, 0x0000000084380000, 0x00000000d5580000)
  object space 69120K, 99% used [0x0000000080000000,0x000000008436dd10,0x0000000084380000)
 Metaspace       used 78479K, committed 80192K, reserved 1179648K
  class space    used 9623K, committed 10368K, reserved 1048576K
GC Heap History (20 events):
Event: 82.558 GC heap before
{Heap before GC invocations=74 (full 3):
 PSYoungGen      total 18944K, used 18752K [0x00000000d5580000, 0x00000000d6a00000, 0x0000000100000000)
  eden space 16896K, 100% used [0x00000000d5580000,0x00000000d6600000,0x00000000d6600000)
  from space 2048K, 90% used [0x00000000d6800000,0x00000000d69d0010,0x00000000d6a00000)
  to   space 2048K, 0% used [0x00000000d6600000,0x00000000d6600000,0x00000000d6800000)
 ParOldGen       total 68608K, used 58184K [0x0000000080000000, 0x0000000084300000, 0x00000000d5580000)
  object space 68608K, 84% used [0x0000000080000000,0x00000000838d2008,0x0000000084300000)
 Metaspace       used 68583K, committed 70208K, reserved 1114112K
  class space    used 8606K, committed 9344K, reserved 1048576K
}
Event: 82.562 GC heap after
{Heap after GC invocations=74 (full 3):
 PSYoungGen      total 18944K, used 1504K [0x00000000d5580000, 0x00000000d6a00000, 0x0000000100000000)
  eden space 16896K, 0% used [0x00000000d5580000,0x00000000d5580000,0x00000000d6600000)
  from space 2048K, 73% used [0x00000000d6600000,0x00000000d6778000,0x00000000d6800000)
  to   space 2048K, 0% used [0x00000000d6800000,0x00000000d6800000,0x00000000d6a00000)
 ParOldGen       total 68608K, used 59896K [0x0000000080000000, 0x0000000084300000, 0x00000000d5580000)
  object space 68608K, 87% used [0x0000000080000000,0x0000000083a7e018,0x0000000084300000)
 Metaspace       used 68583K, committed 70208K, reserved 1114112K
  class space    used 8606K, committed 9344K, reserved 1048576K
}
Event: 82.617 GC heap before
{Heap before GC invocations=75 (full 3):
 PSYoungGen      total 18944K, used 18400K [0x00000000d5580000, 0x00000000d6a00000, 0x0000000100000000)
  eden space 16896K, 100% used [0x00000000d5580000,0x00000000d6600000,0x00000000d6600000)
  from space 2048K, 73% used [0x00000000d6600000,0x00000000d6778000,0x00000000d6800000)
  to   space 2048K, 0% used [0x00000000d6800000,0x00000000d6800000,0x00000000d6a00000)
 ParOldGen       total 68608K, used 59896K [0x0000000080000000, 0x0000000084300000, 0x00000000d5580000)
  object space 68608K, 87% used [0x0000000080000000,0x0000000083a7e018,0x0000000084300000)
 Metaspace       used 68590K, committed 70208K, reserved 1114112K
  class space    used 8606K, committed 9344K, reserved 1048576K
}
Event: 82.621 GC heap after
{Heap after GC invocations=75 (full 3):
 PSYoungGen      total 18944K, used 1600K [0x00000000d5580000, 0x00000000d6a00000, 0x0000000100000000)
  eden space 16896K, 0% used [0x00000000d5580000,0x00000000d5580000,0x00000000d6600000)
  from space 2048K, 78% used [0x00000000d6800000,0x00000000d6990000,0x00000000d6a00000)
  to   space 2048K, 0% used [0x00000000d6600000,0x00000000d6600000,0x00000000d6800000)
 ParOldGen       total 68608K, used 61256K [0x0000000080000000, 0x0000000084300000, 0x00000000d5580000)
  object space 68608K, 89% used [0x0000000080000000,0x0000000083bd2018,0x0000000084300000)
 Metaspace       used 68590K, committed 70208K, reserved 1114112K
  class space    used 8606K, committed 9344K, reserved 1048576K
}
Event: 582.104 GC heap before
{Heap before GC invocations=76 (full 3):
 PSYoungGen      total 18944K, used 18496K [0x00000000d5580000, 0x00000000d6a00000, 0x0000000100000000)
  eden space 16896K, 100% used [0x00000000d5580000,0x00000000d6600000,0x00000000d6600000)
  from space 2048K, 78% used [0x00000000d6800000,0x00000000d6990000,0x00000000d6a00000)
  to   space 2048K, 0% used [0x00000000d6600000,0x00000000d6600000,0x00000000d6800000)
 ParOldGen       total 68608K, used 61256K [0x0000000080000000, 0x0000000084300000, 0x00000000d5580000)
  object space 68608K, 89% used [0x0000000080000000,0x0000000083bd2018,0x0000000084300000)
 Metaspace       used 69485K, committed 71104K, reserved 1114112K
  class space    used 8696K, committed 9408K, reserved 1048576K
}
Event: 582.107 GC heap after
{Heap after GC invocations=76 (full 3):
 PSYoungGen      total 17920K, used 1014K [0x00000000d5580000, 0x00000000d6900000, 0x0000000100000000)
  eden space 16896K, 0% used [0x00000000d5580000,0x00000000d5580000,0x00000000d6600000)
  from space 1024K, 99% used [0x00000000d6600000,0x00000000d66fd978,0x00000000d6700000)
  to   space 1536K, 0% used [0x00000000d6780000,0x00000000d6780000,0x00000000d6900000)
 ParOldGen       total 68608K, used 62704K [0x0000000080000000, 0x0000000084300000, 0x00000000d5580000)
  object space 68608K, 91% used [0x0000000080000000,0x0000000083d3c218,0x0000000084300000)
 Metaspace       used 69485K, committed 71104K, reserved 1114112K
  class space    used 8696K, committed 9408K, reserved 1048576K
}
Event: 2593.518 GC heap before
{Heap before GC invocations=77 (full 3):
 PSYoungGen      total 17920K, used 17908K [0x00000000d5580000, 0x00000000d6900000, 0x0000000100000000)
  eden space 16896K, 99% used [0x00000000d5580000,0x00000000d65ff868,0x00000000d6600000)
  from space 1024K, 99% used [0x00000000d6600000,0x00000000d66fd978,0x00000000d6700000)
  to   space 1536K, 0% used [0x00000000d6780000,0x00000000d6780000,0x00000000d6900000)
 ParOldGen       total 68608K, used 62704K [0x0000000080000000, 0x0000000084300000, 0x00000000d5580000)
  object space 68608K, 91% used [0x0000000080000000,0x0000000083d3c218,0x0000000084300000)
 Metaspace       used 71497K, committed 73088K, reserved 1114112K
  class space    used 8950K, committed 9664K, reserved 1048576K
}
Event: 2593.570 GC heap after
{Heap after GC invocations=77 (full 3):
 PSYoungGen      total 17920K, used 926K [0x00000000d5580000, 0x00000000d6880000, 0x0000000100000000)
  eden space 16896K, 0% used [0x00000000d5580000,0x00000000d5580000,0x00000000d6600000)
  from space 1024K, 90% used [0x00000000d6780000,0x00000000d68678b0,0x00000000d6880000)
  to   space 1024K, 0% used [0x00000000d6600000,0x00000000d6600000,0x00000000d6700000)
 ParOldGen       total 68608K, used 63445K [0x0000000080000000, 0x0000000084300000, 0x00000000d5580000)
  object space 68608K, 92% used [0x0000000080000000,0x0000000083df5708,0x0000000084300000)
 Metaspace       used 71497K, committed 73088K, reserved 1114112K
  class space    used 8950K, committed 9664K, reserved 1048576K
}
Event: 2593.884 GC heap before
{Heap before GC invocations=78 (full 3):
 PSYoungGen      total 17920K, used 17736K [0x00000000d5580000, 0x00000000d6880000, 0x0000000100000000)
  eden space 16896K, 99% used [0x00000000d5580000,0x00000000d65eaae8,0x00000000d6600000)
  from space 1024K, 90% used [0x00000000d6780000,0x00000000d68678b0,0x00000000d6880000)
  to   space 1024K, 0% used [0x00000000d6600000,0x00000000d6600000,0x00000000d6700000)
 ParOldGen       total 68608K, used 63445K [0x0000000080000000, 0x0000000084300000, 0x00000000d5580000)
  object space 68608K, 92% used [0x0000000080000000,0x0000000083df5708,0x0000000084300000)
 Metaspace       used 72617K, committed 74304K, reserved 1114112K
  class space    used 9036K, committed 9792K, reserved 1048576K
}
Event: 2593.894 GC heap after
{Heap after GC invocations=78 (full 3):
 PSYoungGen      total 17920K, used 1022K [0x00000000d5580000, 0x00000000d6d00000, 0x0000000100000000)
  eden space 16896K, 0% used [0x00000000d5580000,0x00000000d5580000,0x00000000d6600000)
  from space 1024K, 99% used [0x00000000d6600000,0x00000000d66ffae8,0x00000000d6700000)
  to   space 3584K, 0% used [0x00000000d6980000,0x00000000d6980000,0x00000000d6d00000)
 ParOldGen       total 68608K, used 65321K [0x0000000080000000, 0x0000000084300000, 0x00000000d5580000)
  object space 68608K, 95% used [0x0000000080000000,0x0000000083fca488,0x0000000084300000)
 Metaspace       used 72617K, committed 74304K, reserved 1114112K
  class space    used 9036K, committed 9792K, reserved 1048576K
}
Event: 2593.926 GC heap before
{Heap before GC invocations=79 (full 3):
 PSYoungGen      total 17920K, used 17918K [0x00000000d5580000, 0x00000000d6d00000, 0x0000000100000000)
  eden space 16896K, 100% used [0x00000000d5580000,0x00000000d6600000,0x00000000d6600000)
  from space 1024K, 99% used [0x00000000d6600000,0x00000000d66ffae8,0x00000000d6700000)
  to   space 3584K, 0% used [0x00000000d6980000,0x00000000d6980000,0x00000000d6d00000)
 ParOldGen       total 68608K, used 65321K [0x0000000080000000, 0x0000000084300000, 0x00000000d5580000)
  object space 68608K, 95% used [0x0000000080000000,0x0000000083fca488,0x0000000084300000)
 Metaspace       used 72621K, committed 74304K, reserved 1114112K
  class space    used 9036K, committed 9792K, reserved 1048576K
}
Event: 2593.928 GC heap after
{Heap after GC invocations=79 (full 3):
 PSYoungGen      total 17920K, used 861K [0x00000000d5580000, 0x00000000d6a80000, 0x0000000100000000)
  eden space 16896K, 0% used [0x00000000d5580000,0x00000000d5580000,0x00000000d6600000)
  from space 1024K, 84% used [0x00000000d6980000,0x00000000d6a57428,0x00000000d6a80000)
  to   space 2048K, 0% used [0x00000000d6680000,0x00000000d6680000,0x00000000d6880000)
 ParOldGen       total 68608K, used 66170K [0x0000000080000000, 0x0000000084300000, 0x00000000d5580000)
  object space 68608K, 96% used [0x0000000080000000,0x000000008409ea38,0x0000000084300000)
 Metaspace       used 72621K, committed 74304K, reserved 1114112K
  class space    used 9036K, committed 9792K, reserved 1048576K
}
Event: 2594.199 GC heap before
{Heap before GC invocations=80 (full 3):
 PSYoungGen      total 17920K, used 17737K [0x00000000d5580000, 0x00000000d6a80000, 0x0000000100000000)
  eden space 16896K, 99% used [0x00000000d5580000,0x00000000d65fb1f0,0x00000000d6600000)
  from space 1024K, 84% used [0x00000000d6980000,0x00000000d6a57428,0x00000000d6a80000)
  to   space 2048K, 0% used [0x00000000d6680000,0x00000000d6680000,0x00000000d6880000)
 ParOldGen       total 68608K, used 66170K [0x0000000080000000, 0x0000000084300000, 0x00000000d5580000)
  object space 68608K, 96% used [0x0000000080000000,0x000000008409ea38,0x0000000084300000)
 Metaspace       used 74026K, committed 75648K, reserved 1179648K
  class space    used 9167K, committed 9920K, reserved 1048576K
}
Event: 2594.201 GC heap after
{Heap after GC invocations=80 (full 3):
 PSYoungGen      total 18944K, used 320K [0x00000000d5580000, 0x00000000d6a00000, 0x0000000100000000)
  eden space 16896K, 0% used [0x00000000d5580000,0x00000000d5580000,0x00000000d6600000)
  from space 2048K, 15% used [0x00000000d6680000,0x00000000d66d0000,0x00000000d6880000)
  to   space 1024K, 0% used [0x00000000d6900000,0x00000000d6900000,0x00000000d6a00000)
 ParOldGen       total 68608K, used 66178K [0x0000000080000000, 0x0000000084300000, 0x00000000d5580000)
  object space 68608K, 96% used [0x0000000080000000,0x00000000840a0a38,0x0000000084300000)
 Metaspace       used 74026K, committed 75648K, reserved 1179648K
  class space    used 9167K, committed 9920K, reserved 1048576K
}
Event: 2594.475 GC heap before
{Heap before GC invocations=81 (full 3):
 PSYoungGen      total 18944K, used 17216K [0x00000000d5580000, 0x00000000d6a00000, 0x0000000100000000)
  eden space 16896K, 100% used [0x00000000d5580000,0x00000000d6600000,0x00000000d6600000)
  from space 2048K, 15% used [0x00000000d6680000,0x00000000d66d0000,0x00000000d6880000)
  to   space 1024K, 0% used [0x00000000d6900000,0x00000000d6900000,0x00000000d6a00000)
 ParOldGen       total 68608K, used 66178K [0x0000000080000000, 0x0000000084300000, 0x00000000d5580000)
  object space 68608K, 96% used [0x0000000080000000,0x00000000840a0a38,0x0000000084300000)
 Metaspace       used 74660K, committed 76352K, reserved 1179648K
  class space    used 9257K, committed 9984K, reserved 1048576K
}
Event: 2594.479 GC heap after
{Heap after GC invocations=81 (full 3):
 PSYoungGen      total 17408K, used 384K [0x00000000d5580000, 0x00000000d6980000, 0x0000000100000000)
  eden space 16896K, 0% used [0x00000000d5580000,0x00000000d5580000,0x00000000d6600000)
  from space 512K, 75% used [0x00000000d6900000,0x00000000d6960000,0x00000000d6980000)
  to   space 512K, 0% used [0x00000000d6880000,0x00000000d6880000,0x00000000d6900000)
 ParOldGen       total 68608K, used 66354K [0x0000000080000000, 0x0000000084300000, 0x00000000d5580000)
  object space 68608K, 96% used [0x0000000080000000,0x00000000840cca38,0x0000000084300000)
 Metaspace       used 74660K, committed 76352K, reserved 1179648K
  class space    used 9257K, committed 9984K, reserved 1048576K
}
Event: 2595.974 GC heap before
{Heap before GC invocations=82 (full 3):
 PSYoungGen      total 17408K, used 17280K [0x00000000d5580000, 0x00000000d6980000, 0x0000000100000000)
  eden space 16896K, 100% used [0x00000000d5580000,0x00000000d6600000,0x00000000d6600000)
  from space 512K, 75% used [0x00000000d6900000,0x00000000d6960000,0x00000000d6980000)
  to   space 512K, 0% used [0x00000000d6880000,0x00000000d6880000,0x00000000d6900000)
 ParOldGen       total 68608K, used 66354K [0x0000000080000000, 0x0000000084300000, 0x00000000d5580000)
  object space 68608K, 96% used [0x0000000080000000,0x00000000840cca38,0x0000000084300000)
 Metaspace       used 76192K, committed 77888K, reserved 1179648K
  class space    used 9427K, committed 10176K, reserved 1048576K
}
Event: 2595.977 GC heap after
{Heap after GC invocations=82 (full 3):
 PSYoungGen      total 17408K, used 480K [0x00000000d5580000, 0x00000000d6980000, 0x0000000100000000)
  eden space 16896K, 0% used [0x00000000d5580000,0x00000000d5580000,0x00000000d6600000)
  from space 512K, 93% used [0x00000000d6880000,0x00000000d68f8010,0x00000000d6900000)
  to   space 512K, 0% used [0x00000000d6900000,0x00000000d6900000,0x00000000d6980000)
 ParOldGen       total 68608K, used 66826K [0x0000000080000000, 0x0000000084300000, 0x00000000d5580000)
  object space 68608K, 97% used [0x0000000080000000,0x0000000084142a58,0x0000000084300000)
 Metaspace       used 76192K, committed 77888K, reserved 1179648K
  class space    used 9427K, committed 10176K, reserved 1048576K
}
Event: 2596.756 GC heap before
{Heap before GC invocations=83 (full 3):
 PSYoungGen      total 17408K, used 17376K [0x00000000d5580000, 0x00000000d6980000, 0x0000000100000000)
  eden space 16896K, 100% used [0x00000000d5580000,0x00000000d6600000,0x00000000d6600000)
  from space 512K, 93% used [0x00000000d6880000,0x00000000d68f8010,0x00000000d6900000)
  to   space 512K, 0% used [0x00000000d6900000,0x00000000d6900000,0x00000000d6980000)
 ParOldGen       total 68608K, used 66826K [0x0000000080000000, 0x0000000084300000, 0x00000000d5580000)
  object space 68608K, 97% used [0x0000000080000000,0x0000000084142a58,0x0000000084300000)
 Metaspace       used 77935K, committed 79616K, reserved 1179648K
  class space    used 9585K, committed 10304K, reserved 1048576K
}
Event: 2596.760 GC heap after
{Heap after GC invocations=83 (full 3):
 PSYoungGen      total 17408K, used 493K [0x00000000d5580000, 0x00000000d6c00000, 0x0000000100000000)
  eden space 16896K, 0% used [0x00000000d5580000,0x00000000d5580000,0x00000000d6600000)
  from space 512K, 96% used [0x00000000d6900000,0x00000000d697b710,0x00000000d6980000)
  to   space 3072K, 0% used [0x00000000d6600000,0x00000000d6600000,0x00000000d6900000)
 ParOldGen       total 69120K, used 69047K [0x0000000080000000, 0x0000000084380000, 0x00000000d5580000)
  object space 69120K, 99% used [0x0000000080000000,0x000000008436dd10,0x0000000084380000)
 Metaspace       used 77935K, committed 79616K, reserved 1179648K
  class space    used 9585K, committed 10304K, reserved 1048576K
}

