# JRE version: OpenJDK Runtime Environment (21.0.7) (build 21.0.7+-13880790-b1038.58)
# Java VM: OpenJDK 64-Bit Server VM (21.0.7+-13880790-b1038.58, mixed mode, tiered, compressed oops, compressed class ptrs, g1 gc, windows-amd64)
GC Precious Log:
 CardTable entry size: 512
 Card Set container configuration: InlinePtr #cards 5 size 8 Array Of Cards #cards 12 size 40 Howl #buckets 4 coarsen threshold 1843 Howl Bitmap #cards 512 size 80 coarsen threshold 460 Card regions per heap region 1 cards per card region 2048
 CPUs: 16 total, 16 available
 Memory: 16068M
 Large Page Support: Disabled
 NUMA Support: Disabled
 Compressed Oops: Enabled (32-bit)
 Heap Region Size: 1M
 Heap Min Capacity: 8M
 Heap Initial Capacity: 252M
 Heap Max Capacity: 2G
 Pre-touch: Disabled
 Parallel Workers: 13
 Concurrent Workers: 3
 Concurrent Refinement Workers: 13
 Periodic GC: Disabled
Heap:
 garbage-first heap   total 181248K, used 124350K [0x0000000080000000, 0x0000000100000000)
  region size 1024K, 9 young (9216K), 7 survivors (7168K)
 Metaspace       used 116319K, committed 118592K, reserved 1179648K
  class space    used 16095K, committed 17216K, reserved 1048576K
GC Heap History (20 events):
Event: 9.606 GC heap before
{Heap before GC invocations=32 (full 0):
 garbage-first heap   total 162816K, used 93303K [0x0000000080000000, 0x0000000100000000)
  region size 1024K, 13 young (13312K), 7 survivors (7168K)
 Metaspace       used 90174K, committed 92096K, reserved 1179648K
  class space    used 12215K, committed 13184K, reserved 1048576K
}
Event: 9.608 GC heap after
{Heap after GC invocations=33 (full 0):
 garbage-first heap   total 162816K, used 88682K [0x0000000080000000, 0x0000000100000000)
  region size 1024K, 4 young (4096K), 4 survivors (4096K)
 Metaspace       used 90174K, committed 92096K, reserved 1179648K
  class space    used 12215K, committed 13184K, reserved 1048576K
}
Event: 10.253 GC heap before
{Heap before GC invocations=34 (full 0):
 garbage-first heap   total 162816K, used 150122K [0x0000000080000000, 0x0000000100000000)
  region size 1024K, 60 young (61440K), 4 survivors (4096K)
 Metaspace       used 94557K, committed 96512K, reserved 1179648K
  class space    used 12787K, committed 13760K, reserved 1048576K
}
Event: 10.256 GC heap after
{Heap after GC invocations=35 (full 0):
 garbage-first heap   total 162816K, used 97284K [0x0000000080000000, 0x0000000100000000)
  region size 1024K, 8 young (8192K), 8 survivors (8192K)
 Metaspace       used 94557K, committed 96512K, reserved 1179648K
  class space    used 12787K, committed 13760K, reserved 1048576K
}
Event: 10.996 GC heap before
{Heap before GC invocations=35 (full 0):
 garbage-first heap   total 162816K, used 144388K [0x0000000080000000, 0x0000000100000000)
  region size 1024K, 54 young (55296K), 8 survivors (8192K)
 Metaspace       used 96187K, committed 98176K, reserved 1179648K
  class space    used 13011K, committed 14016K, reserved 1048576K
}
Event: 10.999 GC heap after
{Heap after GC invocations=36 (full 0):
 garbage-first heap   total 162816K, used 100135K [0x0000000080000000, 0x0000000100000000)
  region size 1024K, 4 young (4096K), 4 survivors (4096K)
 Metaspace       used 96187K, committed 98176K, reserved 1179648K
  class space    used 13011K, committed 14016K, reserved 1048576K
}
Event: 11.128 GC heap before
{Heap before GC invocations=36 (full 0):
 garbage-first heap   total 162816K, used 115495K [0x0000000080000000, 0x0000000100000000)
  region size 1024K, 20 young (20480K), 4 survivors (4096K)
 Metaspace       used 97266K, committed 99328K, reserved 1179648K
  class space    used 13175K, committed 14208K, reserved 1048576K
}
Event: 11.130 GC heap after
{Heap after GC invocations=37 (full 0):
 garbage-first heap   total 162816K, used 101011K [0x0000000080000000, 0x0000000100000000)
  region size 1024K, 5 young (5120K), 5 survivors (5120K)
 Metaspace       used 97266K, committed 99328K, reserved 1179648K
  class space    used 13175K, committed 14208K, reserved 1048576K
}
Event: 11.683 GC heap before
{Heap before GC invocations=38 (full 0):
 garbage-first heap   total 171008K, used 149139K [0x0000000080000000, 0x0000000100000000)
  region size 1024K, 51 young (52224K), 5 survivors (5120K)
 Metaspace       used 100862K, committed 102912K, reserved 1179648K
  class space    used 13866K, committed 14848K, reserved 1048576K
}
Event: 11.685 GC heap after
{Heap after GC invocations=39 (full 0):
 garbage-first heap   total 171008K, used 102352K [0x0000000080000000, 0x0000000100000000)
  region size 1024K, 3 young (3072K), 3 survivors (3072K)
 Metaspace       used 100862K, committed 102912K, reserved 1179648K
  class space    used 13866K, committed 14848K, reserved 1048576K
}
Event: 12.211 GC heap before
{Heap before GC invocations=39 (full 0):
 garbage-first heap   total 171008K, used 157648K [0x0000000080000000, 0x0000000100000000)
  region size 1024K, 57 young (58368K), 3 survivors (3072K)
 Metaspace       used 104857K, committed 106944K, reserved 1179648K
  class space    used 14433K, committed 15488K, reserved 1048576K
}
Event: 12.213 GC heap after
{Heap after GC invocations=40 (full 0):
 garbage-first heap   total 171008K, used 104656K [0x0000000080000000, 0x0000000100000000)
  region size 1024K, 6 young (6144K), 6 survivors (6144K)
 Metaspace       used 104857K, committed 106944K, reserved 1179648K
  class space    used 14433K, committed 15488K, reserved 1048576K
}
Event: 12.750 GC heap before
{Heap before GC invocations=40 (full 0):
 garbage-first heap   total 171008K, used 154832K [0x0000000080000000, 0x0000000100000000)
  region size 1024K, 55 young (56320K), 6 survivors (6144K)
 Metaspace       used 108745K, committed 110912K, reserved 1179648K
  class space    used 14998K, committed 16064K, reserved 1048576K
}
Event: 12.753 GC heap after
{Heap after GC invocations=41 (full 0):
 garbage-first heap   total 171008K, used 107217K [0x0000000080000000, 0x0000000100000000)
  region size 1024K, 6 young (6144K), 6 survivors (6144K)
 Metaspace       used 108745K, committed 110912K, reserved 1179648K
  class space    used 14998K, committed 16064K, reserved 1048576K
}
Event: 13.379 GC heap before
{Heap before GC invocations=42 (full 0):
 garbage-first heap   total 181248K, used 153297K [0x0000000080000000, 0x0000000100000000)
  region size 1024K, 51 young (52224K), 6 survivors (6144K)
 Metaspace       used 112717K, committed 114816K, reserved 1179648K
  class space    used 15551K, committed 16576K, reserved 1048576K
}
Event: 13.382 GC heap after
{Heap after GC invocations=43 (full 0):
 garbage-first heap   total 181248K, used 110235K [0x0000000080000000, 0x0000000100000000)
  region size 1024K, 6 young (6144K), 6 survivors (6144K)
 Metaspace       used 112717K, committed 114816K, reserved 1179648K
  class space    used 15551K, committed 16576K, reserved 1048576K
}
Event: 16.060 GC heap before
{Heap before GC invocations=43 (full 0):
 garbage-first heap   total 181248K, used 164507K [0x0000000080000000, 0x0000000100000000)
  region size 1024K, 59 young (60416K), 6 survivors (6144K)
 Metaspace       used 114049K, committed 116288K, reserved 1179648K
  class space    used 15738K, committed 16832K, reserved 1048576K
}
Event: 16.064 GC heap after
{Heap after GC invocations=44 (full 0):
 garbage-first heap   total 181248K, used 115712K [0x0000000080000000, 0x0000000100000000)
  region size 1024K, 8 young (8192K), 8 survivors (8192K)
 Metaspace       used 114049K, committed 116288K, reserved 1179648K
  class space    used 15738K, committed 16832K, reserved 1048576K
}
Event: 19.233 GC heap before
{Heap before GC invocations=44 (full 0):
 garbage-first heap   total 181248K, used 161792K [0x0000000080000000, 0x0000000100000000)
  region size 1024K, 54 young (55296K), 8 survivors (8192K)
 Metaspace       used 116249K, committed 118528K, reserved 1179648K
  class space    used 16089K, committed 17216K, reserved 1048576K
}
Event: 19.237 GC heap after
{Heap after GC invocations=45 (full 0):
 garbage-first heap   total 181248K, used 123326K [0x0000000080000000, 0x0000000100000000)
  region size 1024K, 7 young (7168K), 7 survivors (7168K)
 Metaspace       used 116249K, committed 118528K, reserved 1179648K
  class space    used 16089K, committed 17216K, reserved 1048576K
}

