# JRE version: OpenJDK Runtime Environment (21.0.7) (build 21.0.7+-13880790-b1038.58)
# Java VM: OpenJDK 64-Bit Server VM (21.0.7+-13880790-b1038.58, mixed mode, tiered, compressed oops, compressed class ptrs, g1 gc, windows-amd64)
GC Precious Log:
 CardTable entry size: 512
 Card Set container configuration: InlinePtr #cards 5 size 8 Array Of Cards #cards 12 size 40 Howl #buckets 4 coarsen threshold 1843 Howl Bitmap #cards 512 size 80 coarsen threshold 460 Card regions per heap region 1 cards per card region 2048
 CPUs: 16 total, 16 available
 Memory: 16068M
 Large Page Support: Disabled
 NUMA Support: Disabled
 Compressed Oops: Enabled (32-bit)
 Heap Region Size: 1M
 Heap Min Capacity: 8M
 Heap Initial Capacity: 252M
 Heap Max Capacity: 2G
 Pre-touch: Disabled
 Parallel Workers: 13
 Concurrent Workers: 3
 Concurrent Refinement Workers: 13
 Periodic GC: Disabled
Heap:
 garbage-first heap   total 183296K, used 127583K [0x0000000080000000, 0x0000000100000000)
  region size 1024K, 7 young (7168K), 6 survivors (6144K)
 Metaspace       used 101984K, committed 103936K, reserved 1179648K
  class space    used 13648K, committed 14592K, reserved 1048576K
GC Heap History (20 events):
Event: 12.229 GC heap before
{Heap before GC invocations=15 (full 0):
 garbage-first heap   total 172032K, used 142619K [0x0000000080000000, 0x0000000100000000)
  region size 1024K, 76 young (77824K), 9 survivors (9216K)
 Metaspace       used 57651K, committed 59008K, reserved 1114112K
  class space    used 7942K, committed 8576K, reserved 1048576K
}
Event: 12.238 GC heap after
{Heap after GC invocations=16 (full 0):
 garbage-first heap   total 172032K, used 76508K [0x0000000080000000, 0x0000000100000000)
  region size 1024K, 8 young (8192K), 8 survivors (8192K)
 Metaspace       used 57651K, committed 59008K, reserved 1114112K
  class space    used 7942K, committed 8576K, reserved 1048576K
}
Event: 19.102 GC heap before
{Heap before GC invocations=16 (full 0):
 garbage-first heap   total 172032K, used 147164K [0x0000000080000000, 0x0000000100000000)
  region size 1024K, 77 young (78848K), 8 survivors (8192K)
 Metaspace       used 60051K, committed 61376K, reserved 1114112K
  class space    used 8217K, committed 8832K, reserved 1048576K
}
Event: 19.123 GC heap after
{Heap after GC invocations=17 (full 0):
 garbage-first heap   total 172032K, used 78700K [0x0000000080000000, 0x0000000100000000)
  region size 1024K, 5 young (5120K), 5 survivors (5120K)
 Metaspace       used 60051K, committed 61376K, reserved 1114112K
  class space    used 8217K, committed 8832K, reserved 1048576K
}
Event: 26.480 GC heap before
{Heap before GC invocations=18 (full 0):
 garbage-first heap   total 172032K, used 159596K [0x0000000080000000, 0x0000000100000000)
  region size 1024K, 77 young (78848K), 5 survivors (5120K)
 Metaspace       used 60810K, committed 62144K, reserved 1114112K
  class space    used 8276K, committed 8896K, reserved 1048576K
}
Event: 26.494 GC heap after
{Heap after GC invocations=19 (full 0):
 garbage-first heap   total 172032K, used 87886K [0x0000000080000000, 0x0000000100000000)
  region size 1024K, 7 young (7168K), 7 survivors (7168K)
 Metaspace       used 60810K, committed 62144K, reserved 1114112K
  class space    used 8276K, committed 8896K, reserved 1048576K
}
Event: 29.741 GC heap before
{Heap before GC invocations=19 (full 0):
 garbage-first heap   total 172032K, used 163662K [0x0000000080000000, 0x0000000100000000)
  region size 1024K, 73 young (74752K), 7 survivors (7168K)
 Metaspace       used 69733K, committed 71232K, reserved 1114112K
  class space    used 9811K, committed 10560K, reserved 1048576K
}
Event: 30.768 GC heap after
{Heap after GC invocations=20 (full 0):
 garbage-first heap   total 177152K, used 98095K [0x0000000080000000, 0x0000000100000000)
  region size 1024K, 9 young (9216K), 9 survivors (9216K)
 Metaspace       used 69733K, committed 71232K, reserved 1114112K
  class space    used 9811K, committed 10560K, reserved 1048576K
}
Event: 33.537 GC heap before
{Heap before GC invocations=20 (full 0):
 garbage-first heap   total 177152K, used 156463K [0x0000000080000000, 0x0000000100000000)
  region size 1024K, 66 young (67584K), 9 survivors (9216K)
 Metaspace       used 78738K, committed 80320K, reserved 1179648K
  class space    used 10952K, committed 11712K, reserved 1048576K
}
Event: 33.558 GC heap after
{Heap after GC invocations=21 (full 0):
 garbage-first heap   total 177152K, used 99369K [0x0000000080000000, 0x0000000100000000)
  region size 1024K, 5 young (5120K), 5 survivors (5120K)
 Metaspace       used 78738K, committed 80320K, reserved 1179648K
  class space    used 10952K, committed 11712K, reserved 1048576K
}
Event: 36.949 GC heap before
{Heap before GC invocations=22 (full 0):
 garbage-first heap   total 177152K, used 166953K [0x0000000080000000, 0x0000000100000000)
  region size 1024K, 65 young (66560K), 5 survivors (5120K)
 Metaspace       used 82921K, committed 84416K, reserved 1179648K
  class space    used 11465K, committed 12224K, reserved 1048576K
}
Event: 36.983 GC heap after
{Heap after GC invocations=23 (full 0):
 garbage-first heap   total 183296K, used 109565K [0x0000000080000000, 0x0000000100000000)
  region size 1024K, 9 young (9216K), 9 survivors (9216K)
 Metaspace       used 82921K, committed 84416K, reserved 1179648K
  class space    used 11465K, committed 12224K, reserved 1048576K
}
Event: 37.025 GC heap before
{Heap before GC invocations=23 (full 0):
 garbage-first heap   total 183296K, used 110589K [0x0000000080000000, 0x0000000100000000)
  region size 1024K, 10 young (10240K), 9 survivors (9216K)
 Metaspace       used 83074K, committed 84608K, reserved 1179648K
  class space    used 11484K, committed 12224K, reserved 1048576K
}
Event: 37.050 GC heap after
{Heap after GC invocations=24 (full 0):
 garbage-first heap   total 183296K, used 111013K [0x0000000080000000, 0x0000000100000000)
  region size 1024K, 2 young (2048K), 2 survivors (2048K)
 Metaspace       used 83074K, committed 84608K, reserved 1179648K
  class space    used 11484K, committed 12224K, reserved 1048576K
}
Event: 39.215 GC heap before
{Heap before GC invocations=24 (full 0):
 garbage-first heap   total 183296K, used 171429K [0x0000000080000000, 0x0000000100000000)
  region size 1024K, 55 young (56320K), 2 survivors (2048K)
 Metaspace       used 90037K, committed 91520K, reserved 1179648K
  class space    used 12216K, committed 12928K, reserved 1048576K
}
Event: 39.224 GC heap after
{Heap after GC invocations=25 (full 0):
 garbage-first heap   total 183296K, used 121147K [0x0000000080000000, 0x0000000100000000)
  region size 1024K, 5 young (5120K), 5 survivors (5120K)
 Metaspace       used 90037K, committed 91520K, reserved 1179648K
  class space    used 12216K, committed 12928K, reserved 1048576K
}
Event: 40.735 GC heap before
{Heap before GC invocations=25 (full 0):
 garbage-first heap   total 183296K, used 167227K [0x0000000080000000, 0x0000000100000000)
  region size 1024K, 50 young (51200K), 5 survivors (5120K)
 Metaspace       used 95869K, committed 97728K, reserved 1179648K
  class space    used 12891K, committed 13824K, reserved 1048576K
}
Event: 40.751 GC heap after
{Heap after GC invocations=26 (full 0):
 garbage-first heap   total 183296K, used 123911K [0x0000000080000000, 0x0000000100000000)
  region size 1024K, 3 young (3072K), 3 survivors (3072K)
 Metaspace       used 95869K, committed 97728K, reserved 1179648K
  class space    used 12891K, committed 13824K, reserved 1048576K
}
Event: 42.952 GC heap before
{Heap before GC invocations=26 (full 0):
 garbage-first heap   total 183296K, used 167943K [0x0000000080000000, 0x0000000100000000)
  region size 1024K, 47 young (48128K), 3 survivors (3072K)
 Metaspace       used 102042K, committed 103936K, reserved 1179648K
  class space    used 13661K, committed 14592K, reserved 1048576K
}
Event: 42.965 GC heap after
{Heap after GC invocations=27 (full 0):
 garbage-first heap   total 183296K, used 126559K [0x0000000080000000, 0x0000000100000000)
  region size 1024K, 6 young (6144K), 6 survivors (6144K)
 Metaspace       used 102042K, committed 103936K, reserved 1179648K
  class space    used 13661K, committed 14592K, reserved 1048576K
}

