# JRE version: OpenJDK Runtime Environment (21.0.7) (build 21.0.7+-13880790-b1038.58)
# Java VM: OpenJDK 64-Bit Server VM (21.0.7+-13880790-b1038.58, mixed mode, tiered, compressed oops, compressed class ptrs, g1 gc, windows-amd64)
GC Precious Log:
 CardTable entry size: 512
 Card Set container configuration: InlinePtr #cards 5 size 8 Array Of Cards #cards 12 size 40 Howl #buckets 4 coarsen threshold 1843 Howl Bitmap #cards 512 size 80 coarsen threshold 460 Card regions per heap region 1 cards per card region 2048
 CPUs: 16 total, 16 available
 Memory: 16068M
 Large Page Support: Disabled
 NUMA Support: Disabled
 Compressed Oops: Enabled (32-bit)
 Heap Region Size: 1M
 Heap Min Capacity: 8M
 Heap Initial Capacity: 252M
 Heap Max Capacity: 2G
 Pre-touch: Disabled
 Parallel Workers: 13
 Concurrent Workers: 3
 Concurrent Refinement Workers: 13
 Periodic GC: Disabled
Heap:
 garbage-first heap   total 160768K, used 147044K [0x0000000080000000, 0x0000000100000000)
  region size 1024K, 81 young (82944K), 10 survivors (10240K)
 Metaspace       used 77216K, committed 78976K, reserved 1179648K
  class space    used 10530K, committed 11392K, reserved 1048576K
GC Heap History (20 events):
Event: 2.779 GC heap after
{Heap after GC invocations=10 (full 0):
 garbage-first heap   total 79872K, used 30705K [0x0000000080000000, 0x0000000100000000)
  region size 1024K, 6 young (6144K), 6 survivors (6144K)
 Metaspace       used 43591K, committed 44480K, reserved 1114112K
  class space    used 5850K, committed 6272K, reserved 1048576K
}
Event: 3.012 GC heap before
{Heap before GC invocations=10 (full 0):
 garbage-first heap   total 79872K, used 71665K [0x0000000080000000, 0x0000000100000000)
  region size 1024K, 42 young (43008K), 6 survivors (6144K)
 Metaspace       used 46278K, committed 47232K, reserved 1114112K
  class space    used 6096K, committed 6528K, reserved 1048576K
}
Event: 3.016 GC heap after
{Heap after GC invocations=11 (full 0):
 garbage-first heap   total 84992K, used 34451K [0x0000000080000000, 0x0000000100000000)
  region size 1024K, 4 young (4096K), 4 survivors (4096K)
 Metaspace       used 46278K, committed 47232K, reserved 1114112K
  class space    used 6096K, committed 6528K, reserved 1048576K
}
Event: 3.260 GC heap before
{Heap before GC invocations=11 (full 0):
 garbage-first heap   total 84992K, used 71315K [0x0000000080000000, 0x0000000100000000)
  region size 1024K, 40 young (40960K), 4 survivors (4096K)
 Metaspace       used 50580K, committed 51840K, reserved 1114112K
  class space    used 6817K, committed 7424K, reserved 1048576K
}
Event: 3.262 GC heap after
{Heap after GC invocations=12 (full 0):
 garbage-first heap   total 122880K, used 36446K [0x0000000080000000, 0x0000000100000000)
  region size 1024K, 3 young (3072K), 3 survivors (3072K)
 Metaspace       used 50580K, committed 51840K, reserved 1114112K
  class space    used 6817K, committed 7424K, reserved 1048576K
}
Event: 3.929 GC heap before
{Heap before GC invocations=12 (full 0):
 garbage-first heap   total 122880K, used 107102K [0x0000000080000000, 0x0000000100000000)
  region size 1024K, 70 young (71680K), 3 survivors (3072K)
 Metaspace       used 57776K, committed 59264K, reserved 1114112K
  class space    used 7858K, committed 8576K, reserved 1048576K
}
Event: 3.934 GC heap after
{Heap after GC invocations=13 (full 0):
 garbage-first heap   total 122880K, used 43303K [0x0000000080000000, 0x0000000100000000)
  region size 1024K, 9 young (9216K), 9 survivors (9216K)
 Metaspace       used 57776K, committed 59264K, reserved 1114112K
  class space    used 7858K, committed 8576K, reserved 1048576K
}
Event: 4.020 GC heap before
{Heap before GC invocations=13 (full 0):
 garbage-first heap   total 122880K, used 65831K [0x0000000080000000, 0x0000000100000000)
  region size 1024K, 32 young (32768K), 9 survivors (9216K)
 Metaspace       used 58602K, committed 60096K, reserved 1114112K
  class space    used 7994K, committed 8704K, reserved 1048576K
}
Event: 4.023 GC heap after
{Heap after GC invocations=14 (full 0):
 garbage-first heap   total 122880K, used 43936K [0x0000000080000000, 0x0000000100000000)
  region size 1024K, 2 young (2048K), 2 survivors (2048K)
 Metaspace       used 58602K, committed 60096K, reserved 1114112K
  class space    used 7994K, committed 8704K, reserved 1048576K
}
Event: 4.492 GC heap before
{Heap before GC invocations=15 (full 0):
 garbage-first heap   total 122880K, used 107424K [0x0000000080000000, 0x0000000100000000)
  region size 1024K, 64 young (65536K), 2 survivors (2048K)
 Metaspace       used 67203K, committed 68864K, reserved 1114112K
  class space    used 9268K, committed 10048K, reserved 1048576K
}
Event: 4.496 GC heap after
{Heap after GC invocations=16 (full 0):
 garbage-first heap   total 122880K, used 46663K [0x0000000080000000, 0x0000000100000000)
  region size 1024K, 4 young (4096K), 4 survivors (4096K)
 Metaspace       used 67203K, committed 68864K, reserved 1114112K
  class space    used 9268K, committed 10048K, reserved 1048576K
}
Event: 5.095 GC heap before
{Heap before GC invocations=16 (full 0):
 garbage-first heap   total 122880K, used 108103K [0x0000000080000000, 0x0000000100000000)
  region size 1024K, 65 young (66560K), 4 survivors (4096K)
 Metaspace       used 72120K, committed 73856K, reserved 1114112K
  class space    used 9955K, committed 10816K, reserved 1048576K
}
Event: 5.098 GC heap after
{Heap after GC invocations=17 (full 0):
 garbage-first heap   total 122880K, used 52899K [0x0000000080000000, 0x0000000100000000)
  region size 1024K, 9 young (9216K), 9 survivors (9216K)
 Metaspace       used 72120K, committed 73856K, reserved 1114112K
  class space    used 9955K, committed 10816K, reserved 1048576K
}
Event: 5.206 GC heap before
{Heap before GC invocations=17 (full 0):
 garbage-first heap   total 122880K, used 106147K [0x0000000080000000, 0x0000000100000000)
  region size 1024K, 62 young (63488K), 9 survivors (9216K)
 Metaspace       used 72507K, committed 74304K, reserved 1114112K
  class space    used 9955K, committed 10816K, reserved 1048576K
}
Event: 5.209 GC heap after
{Heap after GC invocations=18 (full 0):
 garbage-first heap   total 122880K, used 56611K [0x0000000080000000, 0x0000000100000000)
  region size 1024K, 5 young (5120K), 5 survivors (5120K)
 Metaspace       used 72507K, committed 74304K, reserved 1114112K
  class space    used 9955K, committed 10816K, reserved 1048576K
}
Event: 5.272 GC heap before
{Heap before GC invocations=18 (full 0):
 garbage-first heap   total 122880K, used 106787K [0x0000000080000000, 0x0000000100000000)
  region size 1024K, 55 young (56320K), 5 survivors (5120K)
 Metaspace       used 72556K, committed 74304K, reserved 1114112K
  class space    used 9955K, committed 10816K, reserved 1048576K
}
Event: 5.274 GC heap after
{Heap after GC invocations=19 (full 0):
 garbage-first heap   total 122880K, used 58082K [0x0000000080000000, 0x0000000100000000)
  region size 1024K, 4 young (4096K), 4 survivors (4096K)
 Metaspace       used 72556K, committed 74304K, reserved 1114112K
  class space    used 9955K, committed 10816K, reserved 1048576K
}
Event: 5.351 GC heap before
{Heap before GC invocations=20 (full 0):
 garbage-first heap   total 122880K, used 108258K [0x0000000080000000, 0x0000000100000000)
  region size 1024K, 54 young (55296K), 4 survivors (4096K)
 Metaspace       used 72609K, committed 74368K, reserved 1114112K
  class space    used 9969K, committed 10816K, reserved 1048576K
}
Event: 5.352 GC heap after
{Heap after GC invocations=21 (full 0):
 garbage-first heap   total 147456K, used 58980K [0x0000000080000000, 0x0000000100000000)
  region size 1024K, 5 young (5120K), 5 survivors (5120K)
 Metaspace       used 72609K, committed 74368K, reserved 1114112K
  class space    used 9969K, committed 10816K, reserved 1048576K
}
Event: 6.003 GC heap before
{Heap before GC invocations=21 (full 0):
 garbage-first heap   total 147456K, used 146020K [0x0000000080000000, 0x0000000100000000)
  region size 1024K, 76 young (77824K), 5 survivors (5120K)
 Metaspace       used 77216K, committed 78976K, reserved 1179648K
  class space    used 10530K, committed 11392K, reserved 1048576K
}

