# JRE version: OpenJDK Runtime Environment (21.0.7) (build 21.0.7+-13880790-b1038.58)
# Java VM: OpenJDK 64-Bit Server VM (21.0.7+-13880790-b1038.58, mixed mode, tiered, compressed oops, compressed class ptrs, g1 gc, windows-amd64)
GC Precious Log:
 CardTable entry size: 512
 Card Set container configuration: InlinePtr #cards 5 size 8 Array Of Cards #cards 12 size 40 Howl #buckets 4 coarsen threshold 1843 Howl Bitmap #cards 512 size 80 coarsen threshold 460 Card regions per heap region 1 cards per card region 2048
 CPUs: 16 total, 16 available
 Memory: 16068M
 Large Page Support: Disabled
 NUMA Support: Disabled
 Compressed Oops: Enabled (32-bit)
 Heap Region Size: 1M
 Heap Min Capacity: 8M
 Heap Initial Capacity: 252M
 Heap Max Capacity: 2G
 Pre-touch: Disabled
 Parallel Workers: 13
 Concurrent Workers: 3
 Concurrent Refinement Workers: 13
 Periodic GC: Disabled
Heap:
 garbage-first heap   total 403456K, used 274244K [0x0000000080000000, 0x0000000100000000)
  region size 1024K, 45 young (46080K), 18 survivors (18432K)
 Metaspace       used 173609K, committed 176384K, reserved 1245184K
  class space    used 22462K, committed 23808K, reserved 1048576K
GC Heap History (20 events):
Event: 1670.324 GC heap before
{Heap before GC invocations=79 (full 0):
 garbage-first heap   total 399360K, used 369989K [0x0000000080000000, 0x0000000100000000)
  region size 1024K, 136 young (139264K), 7 survivors (7168K)
 Metaspace       used 172319K, committed 175040K, reserved 1245184K
  class space    used 22279K, committed 23616K, reserved 1048576K
}
Event: 1670.327 GC heap after
{Heap after GC invocations=80 (full 0):
 garbage-first heap   total 399360K, used 239423K [0x0000000080000000, 0x0000000100000000)
  region size 1024K, 8 young (8192K), 8 survivors (8192K)
 Metaspace       used 172319K, committed 175040K, reserved 1245184K
  class space    used 22279K, committed 23616K, reserved 1048576K
}
Event: 1670.956 GC heap before
{Heap before GC invocations=81 (full 0):
 garbage-first heap   total 401408K, used 367423K [0x0000000080000000, 0x0000000100000000)
  region size 1024K, 134 young (137216K), 8 survivors (8192K)
 Metaspace       used 172319K, committed 175040K, reserved 1245184K
  class space    used 22279K, committed 23616K, reserved 1048576K
}
Event: 1670.959 GC heap after
{Heap after GC invocations=82 (full 0):
 garbage-first heap   total 401408K, used 240043K [0x0000000080000000, 0x0000000100000000)
  region size 1024K, 8 young (8192K), 8 survivors (8192K)
 Metaspace       used 172319K, committed 175040K, reserved 1245184K
  class space    used 22279K, committed 23616K, reserved 1048576K
}
Event: 1671.534 GC heap before
{Heap before GC invocations=82 (full 0):
 garbage-first heap   total 401408K, used 371115K [0x0000000080000000, 0x0000000100000000)
  region size 1024K, 136 young (139264K), 8 survivors (8192K)
 Metaspace       used 172319K, committed 175040K, reserved 1245184K
  class space    used 22279K, committed 23616K, reserved 1048576K
}
Event: 1671.540 GC heap after
{Heap after GC invocations=83 (full 0):
 garbage-first heap   total 401408K, used 239595K [0x0000000080000000, 0x0000000100000000)
  region size 1024K, 9 young (9216K), 9 survivors (9216K)
 Metaspace       used 172319K, committed 175040K, reserved 1245184K
  class space    used 22279K, committed 23616K, reserved 1048576K
}
Event: 1672.054 GC heap before
{Heap before GC invocations=83 (full 0):
 garbage-first heap   total 401408K, used 369643K [0x0000000080000000, 0x0000000100000000)
  region size 1024K, 136 young (139264K), 9 survivors (9216K)
 Metaspace       used 172319K, committed 175040K, reserved 1245184K
  class space    used 22279K, committed 23616K, reserved 1048576K
}
Event: 1672.057 GC heap after
{Heap after GC invocations=84 (full 0):
 garbage-first heap   total 401408K, used 240244K [0x0000000080000000, 0x0000000100000000)
  region size 1024K, 10 young (10240K), 10 survivors (10240K)
 Metaspace       used 172319K, committed 175040K, reserved 1245184K
  class space    used 22279K, committed 23616K, reserved 1048576K
}
Event: 1674.642 GC heap before
{Heap before GC invocations=85 (full 0):
 garbage-first heap   total 403456K, used 367220K [0x0000000080000000, 0x0000000100000000)
  region size 1024K, 135 young (138240K), 10 survivors (10240K)
 Metaspace       used 172320K, committed 175040K, reserved 1245184K
  class space    used 22279K, committed 23616K, reserved 1048576K
}
Event: 1674.645 GC heap after
{Heap after GC invocations=86 (full 0):
 garbage-first heap   total 403456K, used 238313K [0x0000000080000000, 0x0000000100000000)
  region size 1024K, 5 young (5120K), 5 survivors (5120K)
 Metaspace       used 172320K, committed 175040K, reserved 1245184K
  class space    used 22279K, committed 23616K, reserved 1048576K
}
Event: 1678.398 GC heap before
{Heap before GC invocations=86 (full 0):
 garbage-first heap   total 403456K, used 378601K [0x0000000080000000, 0x0000000100000000)
  region size 1024K, 140 young (143360K), 5 survivors (5120K)
 Metaspace       used 172343K, committed 175040K, reserved 1245184K
  class space    used 22280K, committed 23616K, reserved 1048576K
}
Event: 1678.403 GC heap after
{Heap after GC invocations=87 (full 0):
 garbage-first heap   total 403456K, used 240215K [0x0000000080000000, 0x0000000100000000)
  region size 1024K, 7 young (7168K), 7 survivors (7168K)
 Metaspace       used 172343K, committed 175040K, reserved 1245184K
  class space    used 22280K, committed 23616K, reserved 1048576K
}
Event: 1679.892 GC heap before
{Heap before GC invocations=87 (full 0):
 garbage-first heap   total 403456K, used 374359K [0x0000000080000000, 0x0000000100000000)
  region size 1024K, 138 young (141312K), 7 survivors (7168K)
 Metaspace       used 172352K, committed 175040K, reserved 1245184K
  class space    used 22280K, committed 23616K, reserved 1048576K
}
Event: 1679.896 GC heap after
{Heap after GC invocations=88 (full 0):
 garbage-first heap   total 403456K, used 240713K [0x0000000080000000, 0x0000000100000000)
  region size 1024K, 8 young (8192K), 8 survivors (8192K)
 Metaspace       used 172352K, committed 175040K, reserved 1245184K
  class space    used 22280K, committed 23616K, reserved 1048576K
}
Event: 1680.875 GC heap before
{Heap before GC invocations=89 (full 0):
 garbage-first heap   total 403456K, used 371785K [0x0000000080000000, 0x0000000100000000)
  region size 1024K, 137 young (140288K), 8 survivors (8192K)
 Metaspace       used 172353K, committed 175040K, reserved 1245184K
  class space    used 22280K, committed 23616K, reserved 1048576K
}
Event: 1680.879 GC heap after
{Heap after GC invocations=90 (full 0):
 garbage-first heap   total 403456K, used 242297K [0x0000000080000000, 0x0000000100000000)
  region size 1024K, 9 young (9216K), 9 survivors (9216K)
 Metaspace       used 172353K, committed 175040K, reserved 1245184K
  class space    used 22280K, committed 23616K, reserved 1048576K
}
Event: 1750.608 GC heap before
{Heap before GC invocations=90 (full 0):
 garbage-first heap   total 403456K, used 371321K [0x0000000080000000, 0x0000000100000000)
  region size 1024K, 136 young (139264K), 9 survivors (9216K)
 Metaspace       used 173357K, committed 176064K, reserved 1245184K
  class space    used 22439K, committed 23808K, reserved 1048576K
}
Event: 1750.656 GC heap after
{Heap after GC invocations=91 (full 0):
 garbage-first heap   total 403456K, used 240826K [0x0000000080000000, 0x0000000100000000)
  region size 1024K, 10 young (10240K), 10 survivors (10240K)
 Metaspace       used 173357K, committed 176064K, reserved 1245184K
  class space    used 22439K, committed 23808K, reserved 1048576K
}
Event: 1759.165 GC heap before
{Heap before GC invocations=91 (full 0):
 garbage-first heap   total 403456K, used 369850K [0x0000000080000000, 0x0000000100000000)
  region size 1024K, 137 young (140288K), 10 survivors (10240K)
 Metaspace       used 173609K, committed 176384K, reserved 1245184K
  class space    used 22462K, committed 23808K, reserved 1048576K
}
Event: 1759.173 GC heap after
{Heap after GC invocations=92 (full 0):
 garbage-first heap   total 403456K, used 251716K [0x0000000080000000, 0x0000000100000000)
  region size 1024K, 18 young (18432K), 18 survivors (18432K)
 Metaspace       used 173609K, committed 176384K, reserved 1245184K
  class space    used 22462K, committed 23808K, reserved 1048576K
}

