# JRE version: OpenJDK Runtime Environment (21.0.7) (build 21.0.7+-13880790-b1038.58)
# Java VM: OpenJDK 64-Bit Server VM (21.0.7+-13880790-b1038.58, mixed mode, tiered, compressed oops, compressed class ptrs, g1 gc, windows-amd64)
GC Precious Log:
 CardTable entry size: 512
 Card Set container configuration: InlinePtr #cards 5 size 8 Array Of Cards #cards 12 size 40 Howl #buckets 4 coarsen threshold 1843 Howl Bitmap #cards 512 size 80 coarsen threshold 460 Card regions per heap region 1 cards per card region 2048
 CPUs: 16 total, 16 available
 Memory: 16068M
 Large Page Support: Disabled
 NUMA Support: Disabled
 Compressed Oops: Enabled (32-bit)
 Heap Region Size: 1M
 Heap Min Capacity: 8M
 Heap Initial Capacity: 252M
 Heap Max Capacity: 2G
 Pre-touch: Disabled
 Parallel Workers: 13
 Concurrent Workers: 3
 Concurrent Refinement Workers: 13
 Periodic GC: Disabled
Heap:
 garbage-first heap   total 148480K, used 99015K [0x0000000080000000, 0x0000000100000000)
  region size 1024K, 9 young (9216K), 6 survivors (6144K)
 Metaspace       used 93788K, committed 95808K, reserved 1179648K
  class space    used 12688K, committed 13696K, reserved 1048576K
GC Heap History (20 events):
Event: 5.022 GC heap before
{Heap before GC invocations=18 (full 0):
 garbage-first heap   total 105472K, used 90929K [0x0000000080000000, 0x0000000100000000)
  region size 1024K, 44 young (45056K), 7 survivors (7168K)
 Metaspace       used 72516K, committed 74304K, reserved 1114112K
  class space    used 9954K, committed 10816K, reserved 1048576K
}
Event: 5.025 GC heap after
{Heap after GC invocations=19 (full 0):
 garbage-first heap   total 105472K, used 56621K [0x0000000080000000, 0x0000000100000000)
  region size 1024K, 4 young (4096K), 4 survivors (4096K)
 Metaspace       used 72516K, committed 74304K, reserved 1114112K
  class space    used 9954K, committed 10816K, reserved 1048576K
}
Event: 5.080 GC heap before
{Heap before GC invocations=20 (full 0):
 garbage-first heap   total 105472K, used 94509K [0x0000000080000000, 0x0000000100000000)
  region size 1024K, 41 young (41984K), 4 survivors (4096K)
 Metaspace       used 72545K, committed 74304K, reserved 1114112K
  class space    used 9954K, committed 10816K, reserved 1048576K
}
Event: 5.082 GC heap after
{Heap after GC invocations=21 (full 0):
 garbage-first heap   total 105472K, used 57615K [0x0000000080000000, 0x0000000100000000)
  region size 1024K, 4 young (4096K), 4 survivors (4096K)
 Metaspace       used 72545K, committed 74304K, reserved 1114112K
  class space    used 9954K, committed 10816K, reserved 1048576K
}
Event: 5.121 GC heap before
{Heap before GC invocations=21 (full 0):
 garbage-first heap   total 105472K, used 94479K [0x0000000080000000, 0x0000000100000000)
  region size 1024K, 40 young (40960K), 4 survivors (4096K)
 Metaspace       used 72545K, committed 74304K, reserved 1114112K
  class space    used 9954K, committed 10816K, reserved 1048576K
}
Event: 5.123 GC heap after
{Heap after GC invocations=22 (full 0):
 garbage-first heap   total 131072K, used 57144K [0x0000000080000000, 0x0000000100000000)
  region size 1024K, 4 young (4096K), 4 survivors (4096K)
 Metaspace       used 72545K, committed 74304K, reserved 1114112K
  class space    used 9954K, committed 10816K, reserved 1048576K
}
Event: 5.248 GC heap before
{Heap before GC invocations=22 (full 0):
 garbage-first heap   total 131072K, used 100152K [0x0000000080000000, 0x0000000100000000)
  region size 1024K, 48 young (49152K), 4 survivors (4096K)
 Metaspace       used 72963K, committed 74688K, reserved 1114112K
  class space    used 10010K, committed 10880K, reserved 1048576K
}
Event: 5.251 GC heap after
{Heap after GC invocations=23 (full 0):
 garbage-first heap   total 131072K, used 59603K [0x0000000080000000, 0x0000000100000000)
  region size 1024K, 6 young (6144K), 6 survivors (6144K)
 Metaspace       used 72963K, committed 74688K, reserved 1114112K
  class space    used 10010K, committed 10880K, reserved 1048576K
}
Event: 5.790 GC heap before
{Heap before GC invocations=24 (full 0):
 garbage-first heap   total 131072K, used 129235K [0x0000000080000000, 0x0000000100000000)
  region size 1024K, 60 young (61440K), 6 survivors (6144K)
 Metaspace       used 76720K, committed 78528K, reserved 1179648K
  class space    used 10491K, committed 11392K, reserved 1048576K
}
Event: 5.795 GC heap after
{Heap after GC invocations=25 (full 0):
 garbage-first heap   total 145408K, used 82078K [0x0000000080000000, 0x0000000100000000)
  region size 1024K, 8 young (8192K), 8 survivors (8192K)
 Metaspace       used 76720K, committed 78528K, reserved 1179648K
  class space    used 10491K, committed 11392K, reserved 1048576K
}
Event: 6.159 GC heap before
{Heap before GC invocations=25 (full 0):
 garbage-first heap   total 145408K, used 128158K [0x0000000080000000, 0x0000000100000000)
  region size 1024K, 53 young (54272K), 8 survivors (8192K)
 Metaspace       used 81888K, committed 83840K, reserved 1179648K
  class space    used 11169K, committed 12160K, reserved 1048576K
}
Event: 6.162 GC heap after
{Heap after GC invocations=26 (full 0):
 garbage-first heap   total 145408K, used 83516K [0x0000000080000000, 0x0000000100000000)
  region size 1024K, 3 young (3072K), 3 survivors (3072K)
 Metaspace       used 81888K, committed 83840K, reserved 1179648K
  class space    used 11169K, committed 12160K, reserved 1048576K
}
Event: 6.211 GC heap before
{Heap before GC invocations=26 (full 0):
 garbage-first heap   total 145408K, used 85564K [0x0000000080000000, 0x0000000100000000)
  region size 1024K, 6 young (6144K), 3 survivors (3072K)
 Metaspace       used 82694K, committed 84672K, reserved 1179648K
  class space    used 11266K, committed 12224K, reserved 1048576K
}
Event: 6.213 GC heap after
{Heap after GC invocations=27 (full 0):
 garbage-first heap   total 145408K, used 84089K [0x0000000080000000, 0x0000000100000000)
  region size 1024K, 3 young (3072K), 3 survivors (3072K)
 Metaspace       used 82694K, committed 84672K, reserved 1179648K
  class space    used 11266K, committed 12224K, reserved 1048576K
}
Event: 6.477 GC heap before
{Heap before GC invocations=28 (full 0):
 garbage-first heap   total 148480K, used 134265K [0x0000000080000000, 0x0000000100000000)
  region size 1024K, 47 young (48128K), 3 survivors (3072K)
 Metaspace       used 85290K, committed 87168K, reserved 1179648K
  class space    used 11620K, committed 12544K, reserved 1048576K
}
Event: 6.479 GC heap after
{Heap after GC invocations=29 (full 0):
 garbage-first heap   total 148480K, used 88733K [0x0000000080000000, 0x0000000100000000)
  region size 1024K, 6 young (6144K), 6 survivors (6144K)
 Metaspace       used 85290K, committed 87168K, reserved 1179648K
  class space    used 11620K, committed 12544K, reserved 1048576K
}
Event: 6.847 GC heap before
{Heap before GC invocations=29 (full 0):
 garbage-first heap   total 148480K, used 135837K [0x0000000080000000, 0x0000000100000000)
  region size 1024K, 49 young (50176K), 6 survivors (6144K)
 Metaspace       used 90142K, committed 92032K, reserved 1179648K
  class space    used 12223K, committed 13184K, reserved 1048576K
}
Event: 6.851 GC heap after
{Heap after GC invocations=30 (full 0):
 garbage-first heap   total 148480K, used 94622K [0x0000000080000000, 0x0000000100000000)
  region size 1024K, 3 young (3072K), 3 survivors (3072K)
 Metaspace       used 90142K, committed 92032K, reserved 1179648K
  class space    used 12223K, committed 13184K, reserved 1048576K
}
Event: 7.261 GC heap before
{Heap before GC invocations=30 (full 0):
 garbage-first heap   total 148480K, used 135582K [0x0000000080000000, 0x0000000100000000)
  region size 1024K, 43 young (44032K), 3 survivors (3072K)
 Metaspace       used 93664K, committed 95616K, reserved 1179648K
  class space    used 12674K, committed 13632K, reserved 1048576K
}
Event: 7.263 GC heap after
{Heap after GC invocations=31 (full 0):
 garbage-first heap   total 148480K, used 96967K [0x0000000080000000, 0x0000000100000000)
  region size 1024K, 6 young (6144K), 6 survivors (6144K)
 Metaspace       used 93664K, committed 95616K, reserved 1179648K
  class space    used 12674K, committed 13632K, reserved 1048576K
}

